Admin verified 0x68C3a95B35C45Db5dB67ed83c43305052FAD6e04

===================================================

=> Deploy

Waiting tx 0x999e8f5435ff6a28c931d4d4b29b67a9b2e904add4b987db844059a3bcb0ca7f. action =
Deploy new Oracle => 0x8a573cB5234657c8bf054DA2eBe63B66FB1f9502
Waiting tx 0x98f526ac87ce85417a730c3d98f34b1f5e933a97d0f3d74607dc9009b908b624. action =
Deploy new Boardroom => 0x27c20F0b0Ad78805084EEB8407291326e996fD4F
Waiting tx 0xb7df4d1e0c1539755ddb310743d1183910e91bf8f4b6caf014dc1cecb5cfc19e. action =
Deploy new Treasury => 0xcd2dFee6E7336d967eA8ac25c7146A36bd8d1FbA

===================================================

=> RBAC

Waiting tx 0x9f42b1d466e17fa35ebb93f2af62f400fe31e88dcfe8deb63235f9b2ad4e025f. action = boardroom.transferOperator
Waiting tx 0xe19de9a17ed817b87168e95a8152c0ed4b2b32a4b87861f0efc5af839d0fc238. action = boardroom.transferOwnership
Waiting tx 0xa15d358c1cd16b2d95dc7f02ef5c452b40295303fdbc69338d4eed1420484565. action = treasury.transferOperator
Waiting tx 0x23456f27d56abbe6ce360c3a5b2c1dbe5b1bd2e326716f927cc50c159cbd50c2. action = treasury.transferOwnership

===================================================

=> Migration

Waiting tx 0x0b896a3a4f31ccb2a6abb643307dbf75d7d551e12fe0bd52bd8bbe871f109dde. action = timelock.queueTransaction => txHash: 0xfafe11c07a551b01a77293b2657e44d126489d17e13158f1865c6afeefab0c09
Tx execution ETA: 1607639947
OK!

===================================================
