Gas Price: 129.0 gwei
Deployments
{
  "Cash": "0x3449FC1Cd036255BA1EB19d65fF4BA2b8903A69a",
  "Bond": "0xC36824905dfF2eAAEE7EcC09fCC63abc0af5Abc5",
  "Share": "0xa7ED29B253D8B4E3109ce07c80fc570f81B63696",
  "Timelock": "0xD98Bc19FFc98E9009146524c8bD835F1BC5d0E6a",
  "BondOracle": "0xE4EFD87ad34360932E5325D77A0a6e39147DEbFa",
  "SeigniorageOracle": "0x6a86184349Aab530a0cb3e978F3f812E3030fF44",
  "LinearCurve": "0xCdBae6dE88C7525369D6826AE1cDCaB415120B11",
  "SigmoidCurve": "0xa728721394084eA78F10ceBB192323f50407F7f3",
  "ContributionPool": "0x7B075B3aA2F1143775101986B52E32DA9d98fE22",
  "Treasury": "0x02957ae53173F58Dc9989C4a09853f9528C877f5",
  "Boardroom": "0x4B182469337d46E6603ed7e26BA60c56930a342c"
}
Admin verified 0x68C3a95B35C45Db5dB67ed83c43305052FAD6e04

===================================================

=> Deploy

Waiting tx 0x3ad3033a761f823dec190f49d3e12b484f35ccbbf6d09fed59891ee16decd3ea. action =
Deploy new Treasury => 0x0f5ecb70896fd26e595e81dac3d881fbf8e0f7b3

===================================================

=> RBAC

Waiting tx 0xcb3c01e63b54bde60f3c02797f4726b500c4547cdfa8e6d3194b3cd731ead3b6. action = treasury.transferOperator
Waiting tx 0x00dde2fd0222e8a6343be9cf466fb2ba188b56b23a13855649350aa3f1f6f0de. action = treasury.transferOwnership

===================================================

=> Migration

Waiting tx 0xd92ac05f7b466dc2020d097a728d10e1c47f0af2d148f4311710e8180c041d97. action =
2. timelock.queueTransaction (treasury.migrate) => txHash: 0x2fa468211ee3cc098969e62631ec3d9bee56d6902296287a0182a04fb9245513
Tx execution ETA: 1610816826
Waiting tx 0x24f181c806437cc8f0429aa91ff474fd9842e8965cb80684d8e35afbae57838b. action =
3. timelock.queueTransaction (boardroom.transferOperator) => txHash: 0xac2b23b0f9189fff993ba59b2f3cbf5930afe0b8d28a2a3726696914ea30bc39
Tx execution ETA: 1610816846
OK!

===================================================
